SGSIM Realizations
 1   20   20    1 0.50000000     0.50000000     0.50000000      1.00000      1.00000      1.00000       1
value
0.30000001    
0.29519001    
0.33855999    
0.33965999    
0.30000001    
0.29350999    
0.31257999    
0.31369635    
0.30864999    
0.31542000    
0.33243001    
0.33233878    
0.31955999    
0.32243001    
0.33160397    
0.33103999    
0.32970130    
0.35391000    
0.34871659    
0.32160249    
0.31435999    
0.28453001    
0.31913000    
0.34522000    
0.30991000    
0.31729999    
0.32655001    
0.35839000    
0.36779940    
0.35228884    
0.33842254    
0.32705000    
0.31606999    
0.35178000    
0.31768456    
0.33874145    
0.34022117    
0.36230999    
0.36383000    
0.36289731    
0.29912001    
0.30034319    
0.31486857    
0.32636067    
0.33787000    
0.32351908    
0.31312659    
0.31147161    
0.33182296    
0.36214000    
0.33213001    
0.35191000    
0.34957999    
0.35233000    
0.35867000    
0.36276537    
0.37778309    
0.35727999    
0.36310649    
0.37081787    
0.29560965    
0.30989000    
0.32060999    
0.30570763    
0.33884999    
0.35359001    
0.33313000    
0.32240000    
0.32199001    
0.33153573    
0.34676000    
0.32567000    
0.33195999    
0.32296613    
0.34064001    
0.35228786    
0.35407001    
0.37348592    
0.37781343    
0.37504771    
0.28909999    
0.30831000    
0.30809999    
0.29135001    
0.33261999    
0.33131999    
0.33182386    
0.33825001    
0.34773999    
0.34315333    
0.34414798    
0.34957999    
0.33888546    
0.36235240    
0.33321545    
0.33906001    
0.33451843    
0.35800347    
0.37358999    
0.38723096    
0.29894903    
0.28410000    
0.28492999    
0.27796000    
0.32183000    
0.29875001    
0.33236000    
0.34494999    
0.32071999    
0.34224251    
0.32181001    
0.35345000    
0.33170000    
0.34413001    
0.33347204    
0.32097477    
0.33054000    
0.34510159    
0.36009672    
0.36227039    
0.29063067    
0.31066999    
0.30825031    
0.29513001    
0.29728001    
0.32526001    
0.33539781    
0.34990001    
0.32333723    
0.32667139    
0.33052999    
0.33843097    
0.33511585    
0.32817000    
0.31077000    
0.32673001    
0.32001999    
0.33347198    
0.33493298    
0.32618001    
0.32380000    
0.30726999    
0.27547023    
0.30282000    
0.31459448    
0.32530010    
0.34766001    
0.36610568    
0.35354999    
0.34580001    
0.36554000    
0.32367381    
0.34020999    
0.31354001    
0.30671999    
0.29095000    
0.29128000    
0.28994000    
0.29313001    
0.31040001    
0.32529584    
0.34352431    
0.30414000    
0.30375999    
0.32686001    
0.33882001    
0.37143999    
0.37225387    
0.35515001    
0.35271999    
0.34220999    
0.33956999    
0.31854999    
0.33447000    
0.29899001    
0.29170570    
0.26107001    
0.25161600    
0.24698000    
0.26675999    
0.30000001    
0.33621636    
0.31073999    
0.30186993    
0.32273063    
0.36172143    
0.35070357    
0.32953945    
0.31762001    
0.31571797    
0.31737000    
0.30590436    
0.27914047    
0.28325185    
0.29249999    
0.30253169    
0.28457999    
0.25986001    
0.27010000    
0.27176431    
0.29959685    
0.28650999    
0.29137000    
0.29561001    
0.33006001    
0.33438000    
0.28401816    
0.30572999    
0.29106000    
0.31869999    
0.29767001    
0.32239357    
0.30106899    
0.30267999    
0.31516999    
0.31540999    
0.31575000    
0.26576999    
0.25720999    
0.28277999    
0.25256330    
0.28640530    
0.29719999    
0.30963001    
0.28402999    
0.31339785    
0.29039001    
0.27447313    
0.30307999    
0.31365001    
0.32188001    
0.32736999    
0.33103999    
0.31141001    
0.31525132    
0.31624311    
0.26038000    
0.25803000    
0.29221001    
0.29642001    
0.25982001    
0.28670999    
0.27432001    
0.28306001    
0.25860000    
0.29339999    
0.29532000    
0.30349001    
0.30967149    
0.30452442    
0.33713999    
0.30182001    
0.30149999    
0.29975000    
0.28470558    
0.28775802    
0.30965999    
0.29085001    
0.28058001    
0.28586999    
0.26385808    
0.30533001    
0.26170000    
0.27442494    
0.26897836    
0.27801999    
0.29932001    
0.35272729    
0.32094246    
0.33408001    
0.31320277    
0.30249825    
0.28708163    
0.28440017    
0.26332000    
0.28343999    
0.29059190    
0.28015548    
0.26912999    
0.24725001    
0.25729001    
0.28519034    
0.27311000    
0.23882255    
0.25450000    
0.28678000    
0.28450999    
0.31156999    
0.30724999    
0.30443001    
0.29998001    
0.26945001    
0.24626000    
0.23835000    
0.26374000    
0.25601640    
0.28110000    
0.26011369    
0.25307900    
0.24645984    
0.22407000    
0.27649000    
0.31815001    
0.30443999    
0.27243590    
0.28907999    
0.26677999    
0.26221001    
0.28513512    
0.26885000    
0.26999000    
0.25112000    
0.20983000    
0.23383000    
0.24280237    
0.23707490    
0.25984001    
0.26228312    
0.24733000    
0.26194999    
0.25432000    
0.30735999    
0.30362001    
0.30552000    
0.27789131    
0.34504020    
0.29633561    
0.28066000    
0.29738086    
0.26899001    
0.26453999    
0.25661001    
0.22561000    
0.23779415    
0.23394068    
0.22668172    
0.23492643    
0.27834001    
0.26227823    
0.27820835    
0.29039001    
0.31388000    
0.29495001    
0.32692906    
0.32066000    
0.34751999    
0.32667080    
0.29815999    
0.30868000    
0.29128999    
0.30046001    
0.26655999    
0.23447219    
0.25071001    
0.26182762    
0.23988000    
0.22979876    
0.24940000    
0.26070821    
0.29194000    
0.27556115    
0.32234001    
0.31073001    
0.34174001    
0.33030000    
0.36190999    
0.32853001    
0.33144999    
0.30342704    
0.28718001    
0.25784475    
0.23891640    
0.24662113    
0.24594764    
0.28050771    
0.24138427    
0.23954999    
0.23803820    
0.26710001    
0.27335328    
0.27978000    
0.29400000    
0.32481000    
0.35780001    
0.35698548    
0.36258999    
0.34200999    
0.34873000    
0.33221000    
0.30572686    
0.27114999    
0.23749913    
0.27252999    
0.26984024    
0.27821001    
0.28427196    
0.28093001    
0.29523599    
0.28588343    
0.27614900    
